{
  "stats": {
    "suites": 1,
    "tests": 14,
    "passes": 12,
    "pending": 0,
    "failures": 2,
    "start": "2022-03-14T21:54:18.257Z",
    "end": "2022-03-14T21:59:17.831Z",
    "duration": 299574,
    "testsRegistered": 14,
    "passPercent": 85.71428571428571,
    "pendingPercent": 0,
    "other": 0,
    "hasOther": false,
    "skipped": 0,
    "hasSkipped": false
  },
  "results": [
    {
      "uuid": "47f30f05-45f9-4d98-94d3-dae53ccf6b24",
      "title": "",
      "fullFile": "cypress/integration/cadastro.spec.js",
      "file": "cypress/integration/cadastro.spec.js",
      "beforeHooks": [],
      "afterHooks": [],
      "tests": [],
      "suites": [
        {
          "uuid": "b5a04833-13ee-495e-bc01-68f51820c325",
          "title": "Cadastro",
          "fullFile": "",
          "file": "",
          "beforeHooks": [],
          "afterHooks": [],
          "tests": [
            {
              "title": "Quando eu informar os dados e finalizar, então o cadastro deve ser finalizado",
              "fullTitle": "Cadastro Quando eu informar os dados e finalizar, então o cadastro deve ser finalizado",
              "timedOut": null,
              "duration": 26833,
              "state": "passed",
              "speed": "slow",
              "pass": true,
              "fail": false,
              "pending": false,
              "context": null,
              "code": "cy.get('.login').click();\ncy.get('#email_create').type(chance.email());\ncy.get('#SubmitCreate').click();\ncy.waitFor('#account-creation_form');\ncy.get('#id_gender1').check();\ncy.get('#customer_firstname').type(chance.first());\ncy.get('#customer_lastname').type(chance.last());\ncy.get('#passwd').type('teste123');\ncy.get('#days').select('12');\ncy.get('#months').select('7');\ncy.get('#years').select('1993');\ncy.get('#company').type('Agilizei');\ncy.get('#address1').type('Rua teste, 355');\ncy.get('#address2').type('Apartamento 22');\ncy.get('#id_country').select('21');\ncy.get('#city').type('Kailua');\ncy.get('#id_state').select('11');\ncy.get('#postcode').type('12345');\ncy.get('#other').type('Na beira da praia');\ncy.get('#phone').type('33256968');\ncy.get('#phone_mobile').type('985697412');\ncy.get('#alias').clear().type('Minha Casa');\ncy.get('#submitAccount').click();\ncy.url().should('contain', 'my-account');\ncy.get('.page-heading').should('have.text', 'My account');\ncy.get('.account').should('be.visible');",
              "err": {},
              "uuid": "e6d9d9c8-d7e4-4959-a19c-50dfc5de598f",
              "parentUUID": "b5a04833-13ee-495e-bc01-68f51820c325",
              "isHook": false,
              "skipped": false
            },
            {
              "title": "Quando eu informar os dados e finalizar, deslogar e realizar login, então o cadastro deve ser finalizado e deve ser realizado o l.ogin corretamente",
              "fullTitle": "Cadastro Quando eu informar os dados e finalizar, deslogar e realizar login, então o cadastro deve ser finalizado e deve ser realizado o l.ogin corretamente",
              "timedOut": null,
              "duration": 33375,
              "state": "passed",
              "speed": "slow",
              "pass": true,
              "fail": false,
              "pending": false,
              "context": null,
              "code": "cy.get('.login').click();\ncy.get('#email_create').type(email);\ncy.get('#SubmitCreate').click();\ncy.waitFor('#account-creation_form');\ncy.get('#id_gender1').check();\ncy.get('#customer_firstname').type(chance.first());\ncy.get('#customer_lastname').type(chance.last());\ncy.get('#passwd').type('teste123');\ncy.get('#days').select('12');\ncy.get('#months').select('7');\ncy.get('#years').select('1993');\ncy.get('#company').type('Agilizei');\ncy.get('#address1').type('Rua teste, 355');\ncy.get('#address2').type('Apartamento 22');\ncy.get('#id_country').select('21');\ncy.get('#city').type('Kailua');\ncy.get('#id_state').select('11');\ncy.get('#postcode').type('12345');\ncy.get('#other').type('Na beira da praia');\ncy.get('#phone').type('33256968');\ncy.get('#phone_mobile').type('985697412');\ncy.get('#alias').clear().type('Minha Casa');\ncy.get('#submitAccount').click();\ncy.url().should('contain', 'my-account');\ncy.get('.page-heading').should('have.text', 'My account');\ncy.get('.account').should('be.visible');\ncy.get('.logout').click();\ncy.get('#email').type(email);\ncy.get('#passwd').type('teste123');\ncy.get('#SubmitLogin').click();\ncy.url().should('contain', 'my-account');\ncy.get('.page-heading').should('have.text', 'My account');\ncy.get('.account').should('be.visible');",
              "err": {},
              "uuid": "5d4bafdd-fe09-4952-ae2d-44f55a91216a",
              "parentUUID": "b5a04833-13ee-495e-bc01-68f51820c325",
              "isHook": false,
              "skipped": false
            },
            {
              "title": "Quando eu informar os dados de pré cadastro com um e-mail já existente e clicar em create an account, então deve ser exibida a mensagem de erro",
              "fullTitle": "Cadastro Quando eu informar os dados de pré cadastro com um e-mail já existente e clicar em create an account, então deve ser exibida a mensagem de erro",
              "timedOut": null,
              "duration": 5564,
              "state": "passed",
              "speed": "medium",
              "pass": true,
              "fail": false,
              "pending": false,
              "context": null,
              "code": "cy.get('.login').click();\ncy.get('#email_create').type('teste@email.com');\ncy.get('#SubmitCreate').click();\ncy.get('#create_account_error').should('contain', 'An account using this email address has already been registered.');",
              "err": {},
              "uuid": "e328158b-adaf-4861-8b5e-0f6b9a6da376",
              "parentUUID": "b5a04833-13ee-495e-bc01-68f51820c325",
              "isHook": false,
              "skipped": false
            },
            {
              "title": "Quando eu informar os dados de pré cadastro com um e-mail já em formato incorreto e clicar em create an account, então deve ser exibida a mensagem de erro",
              "fullTitle": "Cadastro Quando eu informar os dados de pré cadastro com um e-mail já em formato incorreto e clicar em create an account, então deve ser exibida a mensagem de erro",
              "timedOut": null,
              "duration": 7650,
              "state": "passed",
              "speed": "medium",
              "pass": true,
              "fail": false,
              "pending": false,
              "context": null,
              "code": "cy.get('.login').click();\ncy.get('#email_create').type('teste@email');\ncy.get('#SubmitCreate').click();\ncy.get('#create_account_error').should('contain', 'Invalid email address.');",
              "err": {},
              "uuid": "218fe695-c8dd-4277-9557-3267e8013547",
              "parentUUID": "b5a04833-13ee-495e-bc01-68f51820c325",
              "isHook": false,
              "skipped": false
            },
            {
              "title": "Quando eu tentar efetuar um cadastro sem informar o primeiro nome, então o cadastro não deve ser efetuado e deve exibir uma mensagem de alerta",
              "fullTitle": "Cadastro Quando eu tentar efetuar um cadastro sem informar o primeiro nome, então o cadastro não deve ser efetuado e deve exibir uma mensagem de alerta",
              "timedOut": null,
              "duration": 20153,
              "state": "passed",
              "speed": "slow",
              "pass": true,
              "fail": false,
              "pending": false,
              "context": null,
              "code": "cy.get('.login').click();\ncy.get('#email_create').type(chance.email());\ncy.get('#SubmitCreate').click();\ncy.waitFor('#account-creation_form');\ncy.get('#id_gender1').check();\ncy.get('#customer_lastname').type(chance.last());\ncy.get('#passwd').type('teste123');\ncy.get('#days').select('12');\ncy.get('#months').select('7');\ncy.get('#years').select('1993');\ncy.get('#company').type('Agilizei');\ncy.get('#address1').type('Rua teste, 355');\ncy.get('#address2').type('Apartamento 22');\ncy.get('#id_country').select('21');\ncy.get('#city').type('Kailua');\ncy.get('#id_state').select('11');\ncy.get('#postcode').type('12345');\ncy.get('#other').type('Na beira da praia');\ncy.get('#phone').type('33256968');\ncy.get('#phone_mobile').type('985697412');\ncy.get('#alias').clear().type('Minha Casa');\ncy.get('#submitAccount').click();\ncy.get('.alert').should('contain', 'firstname is required.');",
              "err": {},
              "uuid": "f48a0d42-d903-4baa-82bd-1bdfec243d34",
              "parentUUID": "b5a04833-13ee-495e-bc01-68f51820c325",
              "isHook": false,
              "skipped": false
            },
            {
              "title": "Quando eu tentar efetuar um cadastro sem informar o último nome, então o cadastro não deve ser efetuado e deve exibir uma mensagem de alerta",
              "fullTitle": "Cadastro Quando eu tentar efetuar um cadastro sem informar o último nome, então o cadastro não deve ser efetuado e deve exibir uma mensagem de alerta",
              "timedOut": null,
              "duration": 18735,
              "state": "passed",
              "speed": "slow",
              "pass": true,
              "fail": false,
              "pending": false,
              "context": null,
              "code": "cy.get('.login').click();\ncy.get('#email_create').type(chance.email());\ncy.get('#SubmitCreate').click();\ncy.waitFor('#account-creation_form');\ncy.get('#id_gender1').check();\ncy.get('#customer_firstname').type(chance.first());\ncy.get('#passwd').type('teste123');\ncy.get('#days').select('12');\ncy.get('#months').select('7');\ncy.get('#years').select('1993');\ncy.get('#company').type('Agilizei');\ncy.get('#address1').type('Rua teste, 355');\ncy.get('#address2').type('Apartamento 22');\ncy.get('#id_country').select('21');\ncy.get('#city').type('Kailua');\ncy.get('#id_state').select('11');\ncy.get('#postcode').type('12345');\ncy.get('#other').type('Na beira da praia');\ncy.get('#phone').type('33256968');\ncy.get('#phone_mobile').type('985697412');\ncy.get('#alias').clear().type('Minha Casa');\ncy.get('#submitAccount').click();\ncy.get('.alert').should('contain', 'lastname is required.');",
              "err": {},
              "uuid": "02d40c7e-2fca-430d-af85-a095f99a84a0",
              "parentUUID": "b5a04833-13ee-495e-bc01-68f51820c325",
              "isHook": false,
              "skipped": false
            },
            {
              "title": "Quando eu tentar efetuar um cadastro sem informar a senha, então o cadastro não deve ser efetuado e deve exibir uma mensagem de alerta",
              "fullTitle": "Cadastro Quando eu tentar efetuar um cadastro sem informar a senha, então o cadastro não deve ser efetuado e deve exibir uma mensagem de alerta",
              "timedOut": null,
              "duration": 20366,
              "state": "failed",
              "speed": null,
              "pass": false,
              "fail": true,
              "pending": false,
              "context": null,
              "code": "cy.get('.login').click();\ncy.get('#email_create').type(chance.email());\ncy.get('#SubmitCreate').click();\ncy.waitFor('#account-creation_form');\ncy.get('#id_gender1').check();\ncy.get('#customer_firstname').type(chance.first());\ncy.get('#customer_lastname').type(chance.last());\ncy.get('#days').select('12');\ncy.get('#months').select('7');\ncy.get('#years').select('1993');\ncy.get('#company').type('Agilizei');\ncy.get('#address1').type('Rua teste, 355');\ncy.get('#address2').type('Apartamento 22');\ncy.get('#id_country').select('21');\ncy.get('#city').type('Kailua');\ncy.get('#id_state').select('11');\ncy.get('#postcode').type('12345');\ncy.get('#other').type('Na beira da praia');\ncy.get('#phone').type('33256968');\ncy.get('#phone_mobile').type('985697412');\ncy.get('#alias').clear().type('Minha Casa');\ncy.get('#submitAccount').click();\ncy.get('.alert').should('contain', 'passwd is required.');",
              "err": {
                "message": "AssertionError: Timed out retrying after 4000ms: Expected to find element: `#id_gender1`, but never found it.",
                "estack": "AssertionError: Timed out retrying after 4000ms: Expected to find element: `#id_gender1`, but never found it.\n    at Context.eval (http://automationpractice.com/__cypress/tests?p=cypress/integration/cadastro.spec.js:2344:8)",
                "diff": null
              },
              "uuid": "4c631f86-b8b7-4bf9-8365-e965ff882054",
              "parentUUID": "b5a04833-13ee-495e-bc01-68f51820c325",
              "isHook": false,
              "skipped": false
            },
            {
              "title": "Quando eu tentar efetuar um cadastro informando a senha em um formato inválido, então o cadastro não deve ser efetuado e deve exibir uma mensagem de alerta",
              "fullTitle": "Cadastro Quando eu tentar efetuar um cadastro informando a senha em um formato inválido, então o cadastro não deve ser efetuado e deve exibir uma mensagem de alerta",
              "timedOut": null,
              "duration": 30691,
              "state": "passed",
              "speed": "slow",
              "pass": true,
              "fail": false,
              "pending": false,
              "context": null,
              "code": "cy.get('.login').click();\ncy.get('#email_create').type(chance.email());\ncy.get('#SubmitCreate').click();\ncy.waitFor('#account-creation_form');\ncy.get('#id_gender1').check();\ncy.get('#customer_firstname').type(chance.first());\ncy.get('#customer_lastname').type(chance.last());\ncy.get('#passwd').type('1');\ncy.get('#days').select('12');\ncy.get('#months').select('7');\ncy.get('#years').select('1993');\ncy.get('#company').type('Agilizei');\ncy.get('#address1').type('Rua teste, 355');\ncy.get('#address2').type('Apartamento 22');\ncy.get('#id_country').select('21');\ncy.get('#city').type('Kailua');\ncy.get('#id_state').select('11');\ncy.get('#postcode').type('12345');\ncy.get('#other').type('Na beira da praia');\ncy.get('#phone').type('33256968');\ncy.get('#phone_mobile').type('985697412');\ncy.get('#alias').clear().type('Minha Casa');\ncy.get('#submitAccount').click();\ncy.get('.alert').should('contain', 'passwd is invalid.');",
              "err": {},
              "uuid": "f15362bb-bc2c-482f-95bb-7b119f18cbc8",
              "parentUUID": "b5a04833-13ee-495e-bc01-68f51820c325",
              "isHook": false,
              "skipped": false
            },
            {
              "title": "Quando eu tentar efetuar um cadastro informando a data de nascimento em um formato inválido, então o cadastro não deve ser efetuado e deve exibir uma mensagem de alerta",
              "fullTitle": "Cadastro Quando eu tentar efetuar um cadastro informando a data de nascimento em um formato inválido, então o cadastro não deve ser efetuado e deve exibir uma mensagem de alerta",
              "timedOut": null,
              "duration": 17986,
              "state": "failed",
              "speed": null,
              "pass": false,
              "fail": true,
              "pending": false,
              "context": null,
              "code": "cy.get('.login').click();\ncy.get('#email_create').type(chance.email());\ncy.get('#SubmitCreate').click();\ncy.waitFor('#account-creation_form');\ncy.get('#id_gender1').check();\ncy.get('#customer_firstname').type(chance.first());\ncy.get('#customer_lastname').type(chance.last());\ncy.get('#passwd').type('teste123');\ncy.get('#days').select('12');\ncy.get('#months').select('7'); //cy.get('#years').select('1993')\ncy.get('#company').type('Agilizei');\ncy.get('#address1').type('Rua teste, 355');\ncy.get('#address2').type('Apartamento 22');\ncy.get('#id_country').select('21');\ncy.get('#city').type('Kailua');\ncy.get('#id_state').select('11');\ncy.get('#postcode').type('12345');\ncy.get('#other').type('Na beira da praia');\ncy.get('#phone').type('33256968');\ncy.get('#phone_mobile').type('985697412');\ncy.get('#alias').clear().type('Minha Casa');\ncy.get('#submitAccount').click();\ncy.get('.alert').should('contain', 'Invalid date of birth');",
              "err": {
                "message": "AssertionError: Timed out retrying after 4000ms: Expected to find element: `#id_gender1`, but never found it.",
                "estack": "AssertionError: Timed out retrying after 4000ms: Expected to find element: `#id_gender1`, but never found it.\n    at Context.eval (http://automationpractice.com/__cypress/tests?p=cypress/integration/cadastro.spec.js:2395:8)",
                "diff": null
              },
              "uuid": "cb4ae0c6-2691-4eb7-a73e-a36f2b8478c4",
              "parentUUID": "b5a04833-13ee-495e-bc01-68f51820c325",
              "isHook": false,
              "skipped": false
            },
            {
              "title": "Quando eu tentar efetuar um cadastro sem informar um endereço, então o cadastro não deve ser efetuado e deve exibir uma mensagem de alerta",
              "fullTitle": "Cadastro Quando eu tentar efetuar um cadastro sem informar um endereço, então o cadastro não deve ser efetuado e deve exibir uma mensagem de alerta",
              "timedOut": null,
              "duration": 29985,
              "state": "passed",
              "speed": "slow",
              "pass": true,
              "fail": false,
              "pending": false,
              "context": null,
              "code": "cy.get('.login').click();\ncy.get('#email_create').type(chance.email());\ncy.get('#SubmitCreate').click();\ncy.waitFor('#account-creation_form');\ncy.get('#id_gender1').check();\ncy.get('#customer_firstname').type(chance.first());\ncy.get('#customer_lastname').type(chance.last());\ncy.get('#passwd').type('teste123');\ncy.get('#days').select('12');\ncy.get('#months').select('7');\ncy.get('#years').select('1993');\ncy.get('#company').type('Agilizei');\ncy.get('#id_country').select('21');\ncy.get('#city').type('Kailua');\ncy.get('#id_state').select('11');\ncy.get('#postcode').type('12345');\ncy.get('#other').type('Na beira da praia');\ncy.get('#phone').type('33256968');\ncy.get('#phone_mobile').type('985697412');\ncy.get('#alias').clear().type('Minha Casa');\ncy.get('#submitAccount').click();\ncy.get('.alert').should('contain', 'address1 is required.');",
              "err": {},
              "uuid": "1c6b7746-65cc-4498-9cb5-0c39d870d9a4",
              "parentUUID": "b5a04833-13ee-495e-bc01-68f51820c325",
              "isHook": false,
              "skipped": false
            },
            {
              "title": "Quando eu tentar efetuar um cadastro sem informar a cidade, então o cadastro não deve ser efetuado e deve exibir uma mensagem de alerta",
              "fullTitle": "Cadastro Quando eu tentar efetuar um cadastro sem informar a cidade, então o cadastro não deve ser efetuado e deve exibir uma mensagem de alerta",
              "timedOut": null,
              "duration": 23906,
              "state": "passed",
              "speed": "slow",
              "pass": true,
              "fail": false,
              "pending": false,
              "context": null,
              "code": "cy.get('.login').click();\ncy.get('#email_create').type(chance.email());\ncy.get('#SubmitCreate').click();\ncy.waitFor('#account-creation_form');\ncy.get('#id_gender1').check();\ncy.get('#customer_firstname').type(chance.first());\ncy.get('#customer_lastname').type(chance.last());\ncy.get('#passwd').type('teste123');\ncy.get('#days').select('12');\ncy.get('#months').select('7');\ncy.get('#years').select('1993');\ncy.get('#company').type('Agilizei');\ncy.get('#address1').type('Rua teste, 355');\ncy.get('#address2').type('Apartamento 22');\ncy.get('#id_country').select('21');\ncy.get('#id_state').select('11');\ncy.get('#postcode').type('12345');\ncy.get('#other').type('Na beira da praia');\ncy.get('#phone').type('33256968');\ncy.get('#phone_mobile').type('985697412');\ncy.get('#alias').clear().type('Minha Casa');\ncy.get('#submitAccount').click();\ncy.get('.alert').should('contain', 'city is required.');",
              "err": {},
              "uuid": "e024e577-fc59-424d-a38c-d01c4b6e7f23",
              "parentUUID": "b5a04833-13ee-495e-bc01-68f51820c325",
              "isHook": false,
              "skipped": false
            },
            {
              "title": "Quando eu tentar efetuar um cadastro sem informar o estado, então o cadastro não deve ser efetuado e deve exibir uma mensagem de alerta",
              "fullTitle": "Cadastro Quando eu tentar efetuar um cadastro sem informar o estado, então o cadastro não deve ser efetuado e deve exibir uma mensagem de alerta",
              "timedOut": null,
              "duration": 20677,
              "state": "passed",
              "speed": "slow",
              "pass": true,
              "fail": false,
              "pending": false,
              "context": null,
              "code": "cy.get('.login').click();\ncy.get('#email_create').type(chance.email());\ncy.get('#SubmitCreate').click();\ncy.waitFor('#account-creation_form');\ncy.get('#id_gender1').check();\ncy.get('#customer_firstname').type(chance.first());\ncy.get('#customer_lastname').type(chance.last());\ncy.get('#passwd').type('teste123');\ncy.get('#days').select('12');\ncy.get('#months').select('7');\ncy.get('#years').select('1993');\ncy.get('#company').type('Agilizei');\ncy.get('#address1').type('Rua teste, 355');\ncy.get('#address2').type('Apartamento 22');\ncy.get('#id_country').select('21');\ncy.get('#city').type('Kailua');\ncy.get('#postcode').type('12345');\ncy.get('#other').type('Na beira da praia');\ncy.get('#phone').type('33256968');\ncy.get('#phone_mobile').type('985697412');\ncy.get('#alias').clear().type('Minha Casa');\ncy.get('#submitAccount').click();\ncy.get('.alert').should('contain', 'This country requires you to choose a State.');",
              "err": {},
              "uuid": "49337531-42e8-463d-9852-bf4b9ff9c5f8",
              "parentUUID": "b5a04833-13ee-495e-bc01-68f51820c325",
              "isHook": false,
              "skipped": false
            },
            {
              "title": "Quando eu tentar efetuar um cadastro sem informar o código postal, então o cadastro não deve ser efetuado e deve exibir uma mensagem de alerta",
              "fullTitle": "Cadastro Quando eu tentar efetuar um cadastro sem informar o código postal, então o cadastro não deve ser efetuado e deve exibir uma mensagem de alerta",
              "timedOut": null,
              "duration": 21992,
              "state": "passed",
              "speed": "slow",
              "pass": true,
              "fail": false,
              "pending": false,
              "context": null,
              "code": "cy.get('.login').click();\ncy.get('#email_create').type(chance.email());\ncy.get('#SubmitCreate').click();\ncy.waitFor('#account-creation_form');\ncy.get('#id_gender1').check();\ncy.get('#customer_firstname').type(chance.first());\ncy.get('#customer_lastname').type(chance.last());\ncy.get('#passwd').type('teste123');\ncy.get('#days').select('12');\ncy.get('#months').select('7');\ncy.get('#years').select('1993');\ncy.get('#company').type('Agilizei');\ncy.get('#address1').type('Rua teste, 355');\ncy.get('#address2').type('Apartamento 22');\ncy.get('#id_country').select('21');\ncy.get('#city').type('Kailua');\ncy.get('#id_state').select('11');\ncy.get('#other').type('Na beira da praia');\ncy.get('#phone').type('33256968');\ncy.get('#phone_mobile').type('985697412');\ncy.get('#alias').clear().type('Minha Casa');\ncy.get('#submitAccount').click();\ncy.get('.alert').should('contain', `The Zip/Postal code you've entered is invalid.`);",
              "err": {},
              "uuid": "4ad2f739-5747-40f8-ba3d-f16842fea8a3",
              "parentUUID": "b5a04833-13ee-495e-bc01-68f51820c325",
              "isHook": false,
              "skipped": false
            },
            {
              "title": "Quando eu tentar efetuar um cadastro sem informar um telefone, então o cadastro não deve ser efetuado e deve exibir uma mensagem de alerta",
              "fullTitle": "Cadastro Quando eu tentar efetuar um cadastro sem informar um telefone, então o cadastro não deve ser efetuado e deve exibir uma mensagem de alerta",
              "timedOut": null,
              "duration": 20155,
              "state": "passed",
              "speed": "slow",
              "pass": true,
              "fail": false,
              "pending": false,
              "context": null,
              "code": "cy.get('.login').click();\ncy.get('#email_create').type(chance.email());\ncy.get('#SubmitCreate').click();\ncy.waitFor('#account-creation_form');\ncy.get('#id_gender1').check();\ncy.get('#customer_firstname').type(chance.first());\ncy.get('#customer_lastname').type(chance.last());\ncy.get('#passwd').type('teste123');\ncy.get('#days').select('12');\ncy.get('#months').select('7');\ncy.get('#years').select('1993');\ncy.get('#company').type('Agilizei');\ncy.get('#address1').type('Rua teste, 355');\ncy.get('#address2').type('Apartamento 22');\ncy.get('#id_country').select('21');\ncy.get('#city').type('Kailua');\ncy.get('#id_state').select('11');\ncy.get('#postcode').type('12345');\ncy.get('#other').type('Na beira da praia');\ncy.get('#alias').clear().type('Minha Casa');\ncy.get('#submitAccount').click();\ncy.get('.alert').should('contain', 'You must register at least one phone number.');",
              "err": {},
              "uuid": "3677af94-9b76-42e5-9be3-cf0a3641e6a1",
              "parentUUID": "b5a04833-13ee-495e-bc01-68f51820c325",
              "isHook": false,
              "skipped": false
            }
          ],
          "suites": [],
          "passes": [
            "e6d9d9c8-d7e4-4959-a19c-50dfc5de598f",
            "5d4bafdd-fe09-4952-ae2d-44f55a91216a",
            "e328158b-adaf-4861-8b5e-0f6b9a6da376",
            "218fe695-c8dd-4277-9557-3267e8013547",
            "f48a0d42-d903-4baa-82bd-1bdfec243d34",
            "02d40c7e-2fca-430d-af85-a095f99a84a0",
            "f15362bb-bc2c-482f-95bb-7b119f18cbc8",
            "1c6b7746-65cc-4498-9cb5-0c39d870d9a4",
            "e024e577-fc59-424d-a38c-d01c4b6e7f23",
            "49337531-42e8-463d-9852-bf4b9ff9c5f8",
            "4ad2f739-5747-40f8-ba3d-f16842fea8a3",
            "3677af94-9b76-42e5-9be3-cf0a3641e6a1"
          ],
          "failures": [
            "4c631f86-b8b7-4bf9-8365-e965ff882054",
            "cb4ae0c6-2691-4eb7-a73e-a36f2b8478c4"
          ],
          "pending": [],
          "skipped": [],
          "duration": 298068,
          "root": false,
          "rootEmpty": false,
          "_timeout": 2000
        }
      ],
      "passes": [],
      "failures": [],
      "pending": [],
      "skipped": [],
      "duration": 0,
      "root": true,
      "rootEmpty": true,
      "_timeout": 2000
    }
  ],
  "meta": {
    "mocha": {
      "version": "7.0.1"
    },
    "mochawesome": {
      "options": {
        "quiet": true,
        "reportFilename": "mochawesome",
        "saveHtml": false,
        "saveJson": true,
        "consoleReporter": "spec",
        "useInlineDiffs": false,
        "code": true
      },
      "version": "7.1.2"
    },
    "marge": {
      "options": {
        "id": "default",
        "reportDir": "mochawesome-report",
        "quiet": true,
        "overwrite": false,
        "html": false,
        "json": true
      },
      "version": "6.1.1"
    }
  }
}